============================= test session starts ==============================
platform darwin -- Python 3.11.9, pytest-9.0.2, pluggy-1.6.0 -- /Users/randlee/Documents/github/synaptic-canvas/.venv/bin/python3.11
cachedir: .pytest_cache
metadata: {'Python': '3.11.9', 'Platform': 'macOS-15.5-arm64-arm-64bit', 'Packages': {'pytest': '9.0.2', 'pluggy': '1.6.0'}, 'Plugins': {'metadata': '3.1.1', 'html': '4.2.0', 'reporter-html1': '0.9.5', 'reporter': '0.5.3', 'cov': '7.0.0'}}
rootdir: /Users/randlee/Documents/github/synaptic-canvas-worktrees/feature/sprint3-cross-platform
configfile: pytest.ini
plugins: metadata-3.1.1, html-4.2.0, reporter-html1-0.9.5, reporter-0.5.3, cov-7.0.0
collecting ... collected 487 items

tests/scripts/test_audit_versions.py::test_check_result_creation PASSED  [  0%]
tests/scripts/test_audit_versions.py::test_check_result_with_message PASSED [  0%]
tests/scripts/test_audit_versions.py::test_audit_data_add_check_pass PASSED [  0%]
tests/scripts/test_audit_versions.py::test_audit_data_add_check_fail PASSED [  0%]
tests/scripts/test_audit_versions.py::test_audit_data_add_check_warn PASSED [  1%]
tests/scripts/test_audit_versions.py::test_audit_data_is_valid_when_clean PASSED [  1%]
tests/scripts/test_audit_versions.py::test_audit_data_is_valid_false_with_failures PASSED [  1%]
tests/scripts/test_audit_versions.py::test_audit_data_multiple_checks PASSED [  1%]
tests/scripts/test_audit_versions.py::test_manifest_schema_valid PASSED  [  1%]
tests/scripts/test_audit_versions.py::test_manifest_schema_invalid_name PASSED [  2%]
tests/scripts/test_audit_versions.py::test_manifest_schema_invalid_version PASSED [  2%]
tests/scripts/test_audit_versions.py::test_manifest_schema_non_numeric_version PASSED [  2%]
tests/scripts/test_audit_versions.py::test_version_yaml_schema_valid PASSED [  2%]
tests/scripts/test_audit_versions.py::test_version_yaml_schema_invalid PASSED [  2%]
tests/scripts/test_audit_versions.py::test_extract_version_from_frontmatter_success PASSED [  3%]
tests/scripts/test_audit_versions.py::test_extract_version_from_frontmatter_no_frontmatter PASSED [  3%]
tests/scripts/test_audit_versions.py::test_extract_version_from_frontmatter_no_version PASSED [  3%]
tests/scripts/test_audit_versions.py::test_extract_version_from_frontmatter_invalid_yaml PASSED [  3%]
tests/scripts/test_audit_versions.py::test_extract_version_from_frontmatter_file_not_found PASSED [  3%]
tests/scripts/test_audit_versions.py::test_extract_version_from_frontmatter_multiline PASSED [  4%]
tests/scripts/test_audit_versions.py::test_extract_version_from_frontmatter_numeric_version PASSED [  4%]
tests/scripts/test_audit_versions.py::test_get_manifest_version_success PASSED [  4%]
tests/scripts/test_audit_versions.py::test_get_manifest_version_no_manifest PASSED [  4%]
tests/scripts/test_audit_versions.py::test_get_manifest_version_invalid_yaml PASSED [  4%]
tests/scripts/test_audit_versions.py::test_get_manifest_version_invalid_schema PASSED [  5%]
tests/scripts/test_audit_versions.py::test_audit_commands_all_valid PASSED [  5%]
tests/scripts/test_audit_versions.py::test_audit_commands_missing_version PASSED [  5%]
tests/scripts/test_audit_versions.py::test_audit_commands_no_commands PASSED [  5%]
tests/scripts/test_audit_versions.py::test_audit_commands_verbose PASSED [  5%]
tests/scripts/test_audit_versions.py::test_audit_skills_all_valid PASSED [  6%]
tests/scripts/test_audit_versions.py::test_audit_skills_missing_version PASSED [  6%]
tests/scripts/test_audit_versions.py::test_audit_skills_no_skills PASSED [  6%]
tests/scripts/test_audit_versions.py::test_audit_agents_all_valid PASSED [  6%]
tests/scripts/test_audit_versions.py::test_audit_agents_missing_version PASSED [  6%]
tests/scripts/test_audit_versions.py::test_audit_agents_in_claude_dir PASSED [  7%]
tests/scripts/test_audit_versions.py::test_audit_agents_no_agents PASSED [  7%]
tests/scripts/test_audit_versions.py::test_audit_version_consistency_all_match PASSED [  7%]
tests/scripts/test_audit_versions.py::test_audit_version_consistency_mismatch_command PASSED [  7%]
tests/scripts/test_audit_versions.py::test_audit_version_consistency_mismatch_skill PASSED [  8%]
tests/scripts/test_audit_versions.py::test_audit_version_consistency_mismatch_agent PASSED [  8%]
tests/scripts/test_audit_versions.py::test_audit_version_consistency_no_manifest PASSED [  8%]
tests/scripts/test_audit_versions.py::test_audit_version_consistency_no_packages_dir PASSED [  8%]
tests/scripts/test_audit_versions.py::test_audit_version_consistency_hidden_package PASSED [  8%]
tests/scripts/test_audit_versions.py::test_audit_changelogs_all_present PASSED [  9%]
tests/scripts/test_audit_versions.py::test_audit_changelogs_missing PASSED [  9%]
tests/scripts/test_audit_versions.py::test_audit_changelogs_no_packages_dir PASSED [  9%]
tests/scripts/test_audit_versions.py::test_audit_marketplace_version_success PASSED [  9%]
tests/scripts/test_audit_versions.py::test_audit_marketplace_version_missing_file PASSED [  9%]
tests/scripts/test_audit_versions.py::test_audit_marketplace_version_no_version PASSED [ 10%]
tests/scripts/test_audit_versions.py::test_audit_versions_complete_success PASSED [ 10%]
tests/scripts/test_audit_versions.py::test_audit_versions_with_failures PASSED [ 10%]
tests/scripts/test_audit_versions.py::test_audit_versions_verbose PASSED [ 10%]
tests/scripts/test_audit_versions.py::test_print_check_result_pass_verbose PASSED [ 10%]
tests/scripts/test_audit_versions.py::test_print_check_result_pass_not_verbose PASSED [ 11%]
tests/scripts/test_audit_versions.py::test_print_check_result_fail PASSED [ 11%]
tests/scripts/test_audit_versions.py::test_print_check_result_fail_no_message PASSED [ 11%]
tests/scripts/test_audit_versions.py::test_print_check_result_warn PASSED [ 11%]
tests/scripts/test_audit_versions.py::test_print_check_result_warn_no_message PASSED [ 11%]
tests/scripts/test_audit_versions.py::test_main_success PASSED           [ 12%]
tests/scripts/test_audit_versions.py::test_main_with_failures PASSED     [ 12%]
tests/scripts/test_audit_versions.py::test_main_verbose_flag PASSED      [ 12%]
tests/scripts/test_audit_versions.py::test_main_fix_warnings_flag PASSED [ 12%]
tests/scripts/test_audit_versions.py::test_main_critical_error PASSED    [ 12%]
tests/scripts/test_audit_versions.py::test_main_default_repo_root PASSED [ 13%]
tests/scripts/test_audit_versions.py::test_paths_use_posix_format PASSED [ 13%]
tests/scripts/test_audit_versions.py::test_empty_packages_directory PASSED [ 13%]
tests/scripts/test_audit_versions.py::test_multiple_packages PASSED      [ 13%]
tests/scripts/test_audit_versions.py::test_artifact_without_frontmatter_markers PASSED [ 13%]
tests/scripts/test_compare_versions.py::test_extract_version_from_yaml_file PASSED [ 14%]
tests/scripts/test_compare_versions.py::test_extract_version_from_markdown_file PASSED [ 14%]
tests/scripts/test_compare_versions.py::test_extract_version_from_nonexistent_file PASSED [ 14%]
tests/scripts/test_compare_versions.py::test_extract_version_from_file_without_version PASSED [ 14%]
tests/scripts/test_compare_versions.py::test_extract_version_from_corrupted_file PASSED [ 14%]
tests/scripts/test_compare_versions.py::test_get_marketplace_version PASSED [ 15%]
tests/scripts/test_compare_versions.py::test_get_marketplace_version_missing_file PASSED [ 15%]
tests/scripts/test_compare_versions.py::test_compare_package_versions_consistent PASSED [ 15%]
tests/scripts/test_compare_versions.py::test_compare_package_versions_with_mismatches PASSED [ 15%]
tests/scripts/test_compare_versions.py::test_compare_package_versions_nonexistent_package PASSED [ 16%]
tests/scripts/test_compare_versions.py::test_compare_package_versions_no_manifest PASSED [ 16%]
tests/scripts/test_compare_versions.py::test_compare_package_versions_with_warnings PASSED [ 16%]
tests/scripts/test_compare_versions.py::test_compare_all_packages_success PASSED [ 16%]
tests/scripts/test_compare_versions.py::test_compare_all_packages_missing_version_yaml PASSED [ 16%]
tests/scripts/test_compare_versions.py::test_compare_all_packages_missing_packages_dir PASSED [ 17%]
tests/scripts/test_compare_versions.py::test_compare_all_packages_with_partial_failures PASSED [ 17%]
tests/scripts/test_compare_versions.py::test_artifact_version_model PASSED [ 17%]
tests/scripts/test_compare_versions.py::test_package_comparison_model PASSED [ 17%]
tests/scripts/test_compare_versions.py::test_comparison_data_model PASSED [ 17%]
tests/scripts/test_compare_versions.py::test_format_color PASSED         [ 18%]
tests/scripts/test_compare_versions.py::test_format_color_unknown_color PASSED [ 18%]
tests/scripts/test_compare_versions.py::test_output_text_consistent PASSED [ 18%]
tests/scripts/test_compare_versions.py::test_output_text_with_mismatches PASSED [ 18%]
tests/scripts/test_compare_versions.py::test_output_text_mismatches_only PASSED [ 18%]
tests/scripts/test_compare_versions.py::test_output_json PASSED          [ 19%]
tests/scripts/test_compare_versions.py::test_main_with_consistent_versions PASSED [ 19%]
tests/scripts/test_compare_versions.py::test_main_with_json_output PASSED [ 19%]
tests/scripts/test_compare_versions.py::test_main_with_verbose_output PASSED [ 19%]
tests/scripts/test_compare_versions.py::test_main_with_mismatches_only PASSED [ 19%]
tests/scripts/test_compare_versions.py::test_comparison_error_str PASSED [ 20%]
tests/scripts/test_compare_versions.py::test_comparison_error_str_without_path PASSED [ 20%]
tests/scripts/test_compare_versions.py::test_comparison_error_with_details PASSED [ 20%]
tests/scripts/test_compare_versions.py::test_artifact_version_uses_posix_paths PASSED [ 20%]
tests/scripts/test_compare_versions.py::test_empty_package_directory PASSED [ 20%]
tests/scripts/test_compare_versions.py::test_package_with_only_commands PASSED [ 21%]
tests/scripts/test_compare_versions.py::test_version_with_quotes PASSED  [ 21%]
tests/scripts/test_compare_versions.py::test_version_with_whitespace PASSED [ 21%]
tests/scripts/test_compare_versions.py::test_main_with_failure_and_partial_results PASSED [ 21%]
tests/scripts/test_compare_versions.py::test_main_output_path_with_failure_text PASSED [ 21%]
tests/scripts/test_compare_versions.py::test_extract_version_yaml_parse_fallback PASSED [ 22%]
tests/scripts/test_security_scan.py::TestModels::test_security_issue_creation PASSED [ 22%]
tests/scripts/test_security_scan.py::TestModels::test_check_result_creation PASSED [ 22%]
tests/scripts/test_security_scan.py::TestModels::test_scan_configuration_path_conversion PASSED [ 22%]
tests/scripts/test_security_scan.py::TestModels::test_scan_results_creation PASSED [ 22%]
tests/scripts/test_security_scan.py::TestSecretsDetection::test_no_secrets_found PASSED [ 23%]
tests/scripts/test_security_scan.py::TestSecretsDetection::test_password_detection PASSED [ 23%]
tests/scripts/test_security_scan.py::TestSecretsDetection::test_api_key_detection PASSED [ 23%]
tests/scripts/test_security_scan.py::TestSecretsDetection::test_markdown_credential_detection PASSED [ 23%]
tests/scripts/test_security_scan.py::TestSecretsDetection::test_private_key_detection PASSED [ 24%]
tests/scripts/test_security_scan.py::TestSecretsDetection::test_secrets_in_single_package PASSED [ 24%]
tests/scripts/test_security_scan.py::TestScriptQuality::test_no_scripts PASSED [ 24%]
tests/scripts/test_security_scan.py::TestScriptQuality::test_valid_script PASSED [ 24%]
tests/scripts/test_security_scan.py::TestScriptQuality::test_non_executable_script PASSED [ 24%]
tests/scripts/test_security_scan.py::TestScriptQuality::test_missing_shebang PASSED [ 25%]
tests/scripts/test_security_scan.py::TestScriptQuality::test_missing_set_e PASSED [ 25%]
tests/scripts/test_security_scan.py::TestScriptQuality::test_shellcheck_integration PASSED [ 25%]
tests/scripts/test_security_scan.py::TestPythonSafety::test_no_unsafe_patterns PASSED [ 25%]
tests/scripts/test_security_scan.py::TestPythonSafety::test_eval_detection PASSED [ 25%]
tests/scripts/test_security_scan.py::TestPythonSafety::test_exec_detection PASSED [ 26%]
tests/scripts/test_security_scan.py::TestPythonSafety::test_shell_true_detection PASSED [ 26%]
tests/scripts/test_security_scan.py::TestPythonSafety::test_pickle_loads_detection PASSED [ 26%]
tests/scripts/test_security_scan.py::TestPackageDocumentation::test_complete_documentation PASSED [ 26%]
tests/scripts/test_security_scan.py::TestPackageDocumentation::test_missing_readme PASSED [ 26%]
tests/scripts/test_security_scan.py::TestPackageDocumentation::test_readme_missing_security PASSED [ 27%]
tests/scripts/test_security_scan.py::TestPackageDocumentation::test_missing_license PASSED [ 27%]
tests/scripts/test_security_scan.py::TestPackageDocumentation::test_missing_manifest PASSED [ 27%]
tests/scripts/test_security_scan.py::TestPackageDocumentation::test_invalid_yaml_manifest PASSED [ 27%]
tests/scripts/test_security_scan.py::TestPackageDocumentation::test_missing_changelog_low_severity PASSED [ 27%]
tests/scripts/test_security_scan.py::TestLicenseFiles::test_all_licenses_present PASSED [ 28%]
tests/scripts/test_security_scan.py::TestLicenseFiles::test_missing_package_license PASSED [ 28%]
tests/scripts/test_security_scan.py::TestLicenseFiles::test_empty_license_file PASSED [ 28%]
tests/scripts/test_security_scan.py::TestLicenseFiles::test_missing_root_license PASSED [ 28%]
tests/scripts/test_security_scan.py::TestDependencyAudit::test_skipped_in_quick_mode PASSED [ 28%]
tests/scripts/test_security_scan.py::TestDependencyAudit::test_no_dependencies PASSED [ 29%]
tests/scripts/test_security_scan.py::TestDependencyAudit::test_npm_audit_high_severity PASSED [ 29%]
tests/scripts/test_security_scan.py::TestDependencyAudit::test_npm_audit_moderate_only PASSED [ 29%]
tests/scripts/test_security_scan.py::TestDependencyAudit::test_vulnerable_python_packages PASSED [ 29%]
tests/scripts/test_security_scan.py::TestDependencyAudit::test_insecure_git_urls PASSED [ 29%]
tests/scripts/test_security_scan.py::TestScannerIntegration::test_full_scan_success PASSED [ 30%]
tests/scripts/test_security_scan.py::TestScannerIntegration::test_scan_with_errors PASSED [ 30%]
tests/scripts/test_security_scan.py::TestScannerIntegration::test_calculate_overall_status_failed PASSED [ 30%]
tests/scripts/test_security_scan.py::TestScannerIntegration::test_calculate_overall_status_warning PASSED [ 30%]
tests/scripts/test_security_scan.py::TestScannerIntegration::test_calculate_overall_status_passed PASSED [ 31%]
tests/scripts/test_security_scan.py::TestScannerIntegration::test_single_package_mode PASSED [ 31%]
tests/scripts/test_security_scan.py::TestScannerIntegration::test_quick_mode PASSED [ 31%]
tests/scripts/test_security_scan.py::TestHelperFunctions::test_command_exists_true PASSED [ 31%]
tests/scripts/test_security_scan.py::TestHelperFunctions::test_command_exists_false PASSED [ 31%]
tests/scripts/test_security_scan.py::TestHelperFunctions::test_get_search_path_repo_root PASSED [ 32%]
tests/scripts/test_security_scan.py::TestHelperFunctions::test_get_search_path_single_package PASSED [ 32%]
tests/scripts/test_security_scan.py::TestHelperFunctions::test_get_packages_all PASSED [ 32%]
tests/scripts/test_security_scan.py::TestHelperFunctions::test_get_packages_single PASSED [ 32%]
tests/scripts/test_security_scan.py::TestHelperFunctions::test_grep_pattern_basic PASSED [ 32%]
tests/scripts/test_security_scan.py::TestHelperFunctions::test_grep_pattern_with_glob PASSED [ 33%]
tests/scripts/test_security_scan.py::TestHelperFunctions::test_grep_pattern_case_insensitive PASSED [ 33%]
tests/scripts/test_security_scan.py::TestOutputFormatting::test_format_text_output PASSED [ 33%]
tests/scripts/test_security_scan.py::TestOutputFormatting::test_format_text_output_with_issues PASSED [ 33%]
tests/scripts/test_security_scan.py::TestOutputFormatting::test_format_json_output PASSED [ 33%]
tests/scripts/test_security_scan.py::TestMainFunction::test_main_basic PASSED [ 34%]
tests/scripts/test_security_scan.py::TestMainFunction::test_main_quick_mode PASSED [ 34%]
tests/scripts/test_security_scan.py::TestMainFunction::test_main_json_output PASSED [ 34%]
tests/scripts/test_security_scan.py::TestMainFunction::test_main_invalid_package PASSED [ 34%]
tests/scripts/test_security_scan.py::TestMainFunction::test_main_scanner_failure PASSED [ 34%]
tests/scripts/test_security_scan.py::TestMainFunction::test_main_warning_exit_code PASSED [ 35%]
tests/scripts/test_security_scan.py::TestMainFunction::test_main_failed_exit_code PASSED [ 35%]
tests/scripts/test_security_scan.py::TestResultPattern::test_success_result PASSED [ 35%]
tests/scripts/test_security_scan.py::TestResultPattern::test_failure_result_exception PASSED [ 35%]
tests/scripts/test_sync_marketplace.py::test_load_json_success PASSED    [ 35%]
tests/scripts/test_sync_marketplace.py::test_load_json_missing PASSED    [ 36%]
tests/scripts/test_sync_marketplace.py::test_load_json_invalid PASSED    [ 36%]
tests/scripts/test_sync_marketplace.py::test_find_package_found PASSED   [ 36%]
tests/scripts/test_sync_marketplace.py::test_find_package_not_found PASSED [ 36%]
tests/scripts/test_sync_marketplace.py::test_find_package_empty_list PASSED [ 36%]
tests/scripts/test_sync_marketplace.py::test_sync_marketplace_update_version PASSED [ 37%]
tests/scripts/test_sync_marketplace.py::test_sync_marketplace_add_missing_package PASSED [ 37%]
tests/scripts/test_sync_marketplace.py::test_sync_marketplace_dry_run PASSED [ 37%]
tests/scripts/test_sync_marketplace.py::test_sync_marketplace_no_changes_needed PASSED [ 37%]
tests/scripts/test_sync_marketplace.py::test_sync_marketplace_update_description PASSED [ 37%]
tests/scripts/test_sync_marketplace.py::test_sync_marketplace_missing_registry PASSED [ 38%]
tests/scripts/test_sync_marketplace.py::test_sync_marketplace_missing_marketplace PASSED [ 38%]
tests/scripts/test_sync_marketplace.py::test_sync_marketplace_empty_registry PASSED [ 38%]
tests/scripts/test_update_registry.py::test_load_manifest_success PASSED [ 38%]
tests/scripts/test_update_registry.py::test_load_manifest_missing PASSED [ 39%]
tests/scripts/test_update_registry.py::test_load_manifest_invalid_yaml PASSED [ 39%]
tests/scripts/test_update_registry.py::test_load_registry_success PASSED [ 39%]
tests/scripts/test_update_registry.py::test_load_registry_missing PASSED [ 39%]
tests/scripts/test_update_registry.py::test_load_registry_invalid_json PASSED [ 39%]
tests/scripts/test_update_registry.py::test_extract_package_info PASSED  [ 40%]
tests/scripts/test_update_registry.py::test_extract_package_info_empty PASSED [ 40%]
tests/scripts/test_update_registry.py::test_calculate_metadata PASSED    [ 40%]
tests/scripts/test_update_registry.py::test_calculate_metadata_empty PASSED [ 40%]
tests/scripts/test_update_registry.py::test_find_packages PASSED         [ 40%]
tests/scripts/test_update_registry.py::test_find_packages_empty PASSED   [ 41%]
tests/scripts/test_update_registry.py::test_find_packages_missing_dir PASSED [ 41%]
tests/scripts/test_update_registry.py::test_update_registry_new_package PASSED [ 41%]
tests/scripts/test_update_registry.py::test_update_registry_existing_package PASSED [ 41%]
tests/scripts/test_update_registry.py::test_update_registry_dry_run PASSED [ 41%]
tests/scripts/test_update_registry.py::test_update_registry_missing_manifest PASSED [ 42%]
tests/scripts/test_update_registry.py::test_update_registry_specific_package PASSED [ 42%]
tests/scripts/test_update_registry.py::test_update_registry_nonexistent_package PASSED [ 42%]
tests/scripts/test_validate_agents.py::test_agent_validation_error_str PASSED [ 42%]
tests/scripts/test_validate_agents.py::test_agent_validation_error_warning PASSED [ 42%]
tests/scripts/test_validate_agents.py::test_agent_registry_entry_valid PASSED [ 43%]
tests/scripts/test_validate_agents.py::test_agent_registry_entry_invalid_version PASSED [ 43%]
tests/scripts/test_validate_agents.py::test_agent_registry_valid PASSED  [ 43%]
tests/scripts/test_validate_agents.py::test_agent_registry_with_skills PASSED [ 43%]
tests/scripts/test_validate_agents.py::test_skill_dependency_valid PASSED [ 43%]
tests/scripts/test_validate_agents.py::test_agent_frontmatter_valid PASSED [ 44%]
tests/scripts/test_validate_agents.py::test_agent_frontmatter_invalid_version PASSED [ 44%]
tests/scripts/test_validate_agents.py::test_agent_frontmatter_allows_extra_fields PASSED [ 44%]
tests/scripts/test_validate_agents.py::test_load_registry_success PASSED [ 44%]
tests/scripts/test_validate_agents.py::test_load_registry_file_not_found PASSED [ 44%]
tests/scripts/test_validate_agents.py::test_load_registry_empty_file PASSED [ 45%]
tests/scripts/test_validate_agents.py::test_load_registry_invalid_yaml PASSED [ 45%]
tests/scripts/test_validate_agents.py::test_load_registry_invalid_schema PASSED [ 45%]
tests/scripts/test_validate_agents.py::test_load_registry_unexpected_error PASSED [ 45%]
tests/scripts/test_validate_agents.py::test_extract_frontmatter_success PASSED [ 45%]
tests/scripts/test_validate_agents.py::test_extract_frontmatter_file_not_found PASSED [ 46%]
tests/scripts/test_validate_agents.py::test_extract_frontmatter_no_opening_delimiter PASSED [ 46%]
tests/scripts/test_validate_agents.py::test_extract_frontmatter_no_closing_delimiter PASSED [ 46%]
tests/scripts/test_validate_agents.py::test_extract_frontmatter_empty PASSED [ 46%]
tests/scripts/test_validate_agents.py::test_extract_frontmatter_invalid_yaml PASSED [ 47%]
tests/scripts/test_validate_agents.py::test_extract_frontmatter_unexpected_error PASSED [ 47%]
tests/scripts/test_validate_agents.py::test_validate_agent_version_success PASSED [ 47%]
tests/scripts/test_validate_agents.py::test_validate_agent_version_file_not_found PASSED [ 47%]
tests/scripts/test_validate_agents.py::test_validate_agent_version_invalid_frontmatter_schema PASSED [ 47%]
tests/scripts/test_validate_agents.py::test_validate_agent_version_missing_version PASSED [ 48%]
tests/scripts/test_validate_agents.py::test_validate_agent_version_mismatch PASSED [ 48%]
tests/scripts/test_validate_agents.py::test_validate_skill_constraints_success PASSED [ 48%]
tests/scripts/test_validate_agents.py::test_validate_skill_constraints_version_mismatch PASSED [ 48%]
tests/scripts/test_validate_agents.py::test_validate_skill_constraints_undefined_agent PASSED [ 48%]
tests/scripts/test_validate_agents.py::test_validate_skill_constraints_skill_to_skill_dependency PASSED [ 49%]
tests/scripts/test_validate_agents.py::test_validate_skill_constraints_non_x_constraint PASSED [ 49%]
tests/scripts/test_validate_agents.py::test_validate_skill_constraints_multiple_dependencies PASSED [ 49%]
tests/scripts/test_validate_agents.py::test_validate_skill_constraints_partial_success PASSED [ 49%]
tests/scripts/test_validate_agents.py::test_validate_all_agents_success PASSED [ 49%]
tests/scripts/test_validate_agents.py::test_validate_all_agents_registry_not_found PASSED [ 50%]
tests/scripts/test_validate_agents.py::test_validate_all_agents_with_errors PASSED [ 50%]
tests/scripts/test_validate_agents.py::test_validate_all_agents_with_skills_success PASSED [ 50%]
tests/scripts/test_validate_agents.py::test_validate_all_agents_with_skill_errors PASSED [ 50%]
tests/scripts/test_validate_agents.py::test_validate_all_agents_verbose_mode PASSED [ 50%]
tests/scripts/test_validate_agents.py::test_main_success PASSED          [ 51%]
tests/scripts/test_validate_agents.py::test_main_with_errors PASSED      [ 51%]
tests/scripts/test_validate_agents.py::test_main_json_output_success PASSED [ 51%]
tests/scripts/test_validate_agents.py::test_main_json_output_errors PASSED [ 51%]
tests/scripts/test_validate_agents.py::test_main_verbose_flag PASSED     [ 51%]
tests/scripts/test_validate_agents.py::test_main_default_registry_path PASSED [ 52%]
tests/scripts/test_validate_agents.py::test_main_with_skill_output PASSED [ 52%]
tests/scripts/test_validate_agents.py::test_validation_data_creation PASSED [ 52%]
tests/scripts/test_validate_agents.py::test_agent_with_version_0_0_0 PASSED [ 52%]
tests/scripts/test_validate_agents.py::test_skill_constraint_with_high_version PASSED [ 52%]
tests/scripts/test_validate_agents.py::test_empty_registry_agents PASSED [ 53%]
tests/scripts/test_validate_agents.py::test_registry_with_no_skills_field PASSED [ 53%]
tests/scripts/test_validate_agents.py::test_skill_dependency_empty_depends_on PASSED [ 53%]
tests/scripts/test_validate_agents.py::test_main_with_warnings PASSED    [ 53%]
tests/scripts/test_validate_agents.py::test_main_json_output_with_non_aggregate_error PASSED [ 54%]
tests/scripts/test_validate_agents.py::test_main_non_json_output_with_non_aggregate_error PASSED [ 54%]
tests/scripts/test_validate_cross_references.py::test_manifest_schema_valid PASSED [ 54%]
tests/scripts/test_validate_cross_references.py::test_manifest_schema_invalid_version PASSED [ 54%]
tests/scripts/test_validate_cross_references.py::test_plugin_schema_valid PASSED [ 54%]
tests/scripts/test_validate_cross_references.py::test_marketplace_schema_valid PASSED [ 55%]
tests/scripts/test_validate_cross_references.py::test_registry_schema_valid PASSED [ 55%]
tests/scripts/test_validate_cross_references.py::test_agent_registry_schema_valid PASSED [ 55%]
tests/scripts/test_validate_cross_references.py::test_load_yaml_success PASSED [ 55%]
tests/scripts/test_validate_cross_references.py::test_load_yaml_missing PASSED [ 55%]
tests/scripts/test_validate_cross_references.py::test_load_yaml_invalid PASSED [ 56%]
tests/scripts/test_validate_cross_references.py::test_load_yaml_empty PASSED [ 56%]
tests/scripts/test_validate_cross_references.py::test_load_json_success PASSED [ 56%]
tests/scripts/test_validate_cross_references.py::test_load_json_missing PASSED [ 56%]
tests/scripts/test_validate_cross_references.py::test_load_json_invalid PASSED [ 56%]
tests/scripts/test_validate_cross_references.py::test_validate_manifest_plugin_consistency_success PASSED [ 57%]
tests/scripts/test_validate_cross_references.py::test_validate_manifest_plugin_version_mismatch PASSED [ 57%]
tests/scripts/test_validate_cross_references.py::test_validate_manifest_plugin_name_mismatch PASSED [ 57%]
tests/scripts/test_validate_cross_references.py::test_validate_manifest_plugin_description_mismatch PASSED [ 57%]
tests/scripts/test_validate_cross_references.py::test_validate_manifest_plugin_missing_artifact PASSED [ 57%]
tests/scripts/test_validate_cross_references.py::test_validate_marketplace_consistency_success PASSED [ 58%]
tests/scripts/test_validate_cross_references.py::test_validate_marketplace_consistency_missing_manifest PASSED [ 58%]
tests/scripts/test_validate_cross_references.py::test_validate_marketplace_consistency_version_mismatch PASSED [ 58%]
tests/scripts/test_validate_cross_references.py::test_validate_registry_consistency_success PASSED [ 58%]
tests/scripts/test_validate_cross_references.py::test_validate_registry_consistency_missing_manifest PASSED [ 58%]
tests/scripts/test_validate_cross_references.py::test_validate_registry_consistency_version_mismatch PASSED [ 59%]
tests/scripts/test_validate_cross_references.py::test_validate_agent_registry_success PASSED [ 59%]
tests/scripts/test_validate_cross_references.py::test_validate_agent_registry_missing_file PASSED [ 59%]
tests/scripts/test_validate_cross_references.py::test_dependency_graph_add_node PASSED [ 59%]
tests/scripts/test_validate_cross_references.py::test_dependency_graph_add_edge PASSED [ 59%]
tests/scripts/test_validate_cross_references.py::test_dependency_graph_no_cycles PASSED [ 60%]
tests/scripts/test_validate_cross_references.py::test_dependency_graph_simple_cycle PASSED [ 60%]
tests/scripts/test_validate_cross_references.py::test_dependency_graph_complex_cycle PASSED [ 60%]
tests/scripts/test_validate_cross_references.py::test_validate_dependencies_success PASSED [ 60%]
tests/scripts/test_validate_cross_references.py::test_validate_dependencies_invalid_reference PASSED [ 60%]
tests/scripts/test_validate_cross_references.py::test_validate_dependencies_circular PASSED [ 61%]
tests/scripts/test_validate_cross_references.py::test_validate_dependencies_non_package_deps PASSED [ 61%]
tests/scripts/test_validate_cross_references.py::test_validate_dependencies_dict_format PASSED [ 61%]
tests/scripts/test_validate_cross_references.py::test_validate_dependencies_dict_format_invalid PASSED [ 61%]
tests/scripts/test_validate_cross_references.py::test_manifest_schema_requires_dict PASSED [ 62%]
tests/scripts/test_validate_cross_references.py::test_manifest_schema_requires_list PASSED [ 62%]
tests/scripts/test_validate_cross_references.py::test_validate_package_success PASSED [ 62%]
tests/scripts/test_validate_cross_references.py::test_validate_package_missing_files PASSED [ 62%]
tests/scripts/test_validate_cross_references.py::test_validate_all_success PASSED [ 62%]
tests/scripts/test_validate_cross_references.py::test_validate_all_with_errors PASSED [ 63%]
tests/scripts/test_validate_cross_references.py::test_validate_all_with_package_filter PASSED [ 63%]
tests/scripts/test_validate_cross_references.py::test_validation_report_is_valid PASSED [ 63%]
tests/scripts/test_validate_cross_references.py::test_cross_reference_error_with_context PASSED [ 63%]
tests/scripts/test_validate_cross_references.py::test_empty_packages_directory PASSED [ 63%]
tests/scripts/test_validate_cross_references.py::test_validate_dependencies_empty_requires PASSED [ 64%]
tests/scripts/test_validate_cross_references.py::test_main_success PASSED [ 64%]
tests/scripts/test_validate_cross_references.py::test_main_with_errors PASSED [ 64%]
tests/scripts/test_validate_cross_references.py::test_main_with_verbose PASSED [ 64%]
tests/scripts/test_validate_cross_references.py::test_main_with_package_filter PASSED [ 64%]
tests/scripts/test_validate_cross_references.py::test_main_verbose_with_errors PASSED [ 65%]
tests/scripts/test_validate_cross_references.py::test_validate_all_no_partial_result_on_success PASSED [ 65%]
tests/scripts/test_validate_cross_references.py::test_load_yaml_exception_handling PASSED [ 65%]
tests/scripts/test_validate_cross_references.py::test_load_json_exception_handling PASSED [ 65%]
tests/scripts/test_validate_cross_references.py::test_validate_manifest_plugin_no_artifacts PASSED [ 65%]
tests/scripts/test_validate_frontmatter_schema.py::test_base_frontmatter_valid PASSED [ 66%]
tests/scripts/test_validate_frontmatter_schema.py::test_base_frontmatter_kebab_case_validation PASSED [ 66%]
tests/scripts/test_validate_frontmatter_schema.py::test_base_frontmatter_semver_validation PASSED [ 66%]
tests/scripts/test_validate_frontmatter_schema.py::test_command_frontmatter_valid PASSED [ 66%]
tests/scripts/test_validate_frontmatter_schema.py::test_command_frontmatter_optional_options PASSED [ 66%]
tests/scripts/test_validate_frontmatter_schema.py::test_skill_frontmatter_valid PASSED [ 67%]
tests/scripts/test_validate_frontmatter_schema.py::test_skill_frontmatter_entry_point_validation PASSED [ 67%]
tests/scripts/test_validate_frontmatter_schema.py::test_agent_frontmatter_valid PASSED [ 67%]
tests/scripts/test_validate_frontmatter_schema.py::test_agent_frontmatter_model_validation PASSED [ 67%]
tests/scripts/test_validate_frontmatter_schema.py::test_agent_frontmatter_color_validation PASSED [ 67%]
tests/scripts/test_validate_frontmatter_schema.py::test_extract_frontmatter_valid PASSED [ 68%]
tests/scripts/test_validate_frontmatter_schema.py::test_extract_frontmatter_missing_file PASSED [ 68%]
tests/scripts/test_validate_frontmatter_schema.py::test_extract_frontmatter_no_frontmatter PASSED [ 68%]
tests/scripts/test_validate_frontmatter_schema.py::test_extract_frontmatter_invalid_yaml PASSED [ 68%]
tests/scripts/test_validate_frontmatter_schema.py::test_extract_frontmatter_not_dict PASSED [ 68%]
tests/scripts/test_validate_frontmatter_schema.py::test_determine_artifact_type_command PASSED [ 69%]
tests/scripts/test_validate_frontmatter_schema.py::test_determine_artifact_type_skill PASSED [ 69%]
tests/scripts/test_validate_frontmatter_schema.py::test_determine_artifact_type_agent PASSED [ 69%]
tests/scripts/test_validate_frontmatter_schema.py::test_determine_artifact_type_unknown PASSED [ 69%]
tests/scripts/test_validate_frontmatter_schema.py::test_validate_frontmatter_schema_command_valid PASSED [ 70%]
tests/scripts/test_validate_frontmatter_schema.py::test_validate_frontmatter_schema_command_missing_field PASSED [ 70%]
tests/scripts/test_validate_frontmatter_schema.py::test_validate_frontmatter_schema_skill_valid PASSED [ 70%]
tests/scripts/test_validate_frontmatter_schema.py::test_validate_frontmatter_schema_skill_missing_entry_point PASSED [ 70%]
tests/scripts/test_validate_frontmatter_schema.py::test_validate_frontmatter_schema_skill_invalid_entry_point PASSED [ 70%]
tests/scripts/test_validate_frontmatter_schema.py::test_validate_frontmatter_schema_agent_valid PASSED [ 71%]
tests/scripts/test_validate_frontmatter_schema.py::test_validate_frontmatter_schema_agent_invalid_model PASSED [ 71%]
tests/scripts/test_validate_frontmatter_schema.py::test_validate_frontmatter_schema_agent_invalid_color PASSED [ 71%]
tests/scripts/test_validate_frontmatter_schema.py::test_validate_frontmatter_schema_unknown_type PASSED [ 71%]
tests/scripts/test_validate_frontmatter_schema.py::test_validate_file_valid_command PASSED [ 71%]
tests/scripts/test_validate_frontmatter_schema.py::test_validate_file_invalid_frontmatter PASSED [ 72%]
tests/scripts/test_validate_frontmatter_schema.py::test_find_markdown_files_empty PASSED [ 72%]
tests/scripts/test_validate_frontmatter_schema.py::test_find_markdown_files_commands PASSED [ 72%]
tests/scripts/test_validate_frontmatter_schema.py::test_find_markdown_files_skills PASSED [ 72%]
tests/scripts/test_validate_frontmatter_schema.py::test_find_markdown_files_agents PASSED [ 72%]
tests/scripts/test_validate_frontmatter_schema.py::test_find_markdown_files_specific_package PASSED [ 73%]
tests/scripts/test_validate_frontmatter_schema.py::test_validate_all_success PASSED [ 73%]
tests/scripts/test_validate_frontmatter_schema.py::test_validate_all_with_errors PASSED [ 73%]
tests/scripts/test_validate_frontmatter_schema.py::test_validate_all_specific_file PASSED [ 73%]
tests/scripts/test_validate_frontmatter_schema.py::test_validate_all_nonexistent_path PASSED [ 73%]
tests/scripts/test_validate_frontmatter_schema.py::test_cross_platform_paths_posix PASSED [ 74%]
tests/scripts/test_validate_frontmatter_schema.py::test_empty_description PASSED [ 74%]
tests/scripts/test_validate_frontmatter_schema.py::test_extra_fields_forbidden PASSED [ 74%]
tests/scripts/test_validate_frontmatter_schema.py::test_version_with_leading_zeros PASSED [ 74%]
tests/scripts/test_validate_frontmatter_schema.py::test_validation_error_str PASSED [ 74%]
tests/scripts/test_validate_manifest_artifacts.py::test_validation_result_is_valid_when_clean PASSED [ 75%]
tests/scripts/test_validate_manifest_artifacts.py::test_validation_result_is_valid_false_with_missing_files PASSED [ 75%]
tests/scripts/test_validate_manifest_artifacts.py::test_validation_result_is_valid_false_with_orphaned_files PASSED [ 75%]
tests/scripts/test_validate_manifest_artifacts.py::test_validation_result_is_valid_false_with_invalid_scripts PASSED [ 75%]
tests/scripts/test_validate_manifest_artifacts.py::test_validation_result_is_valid_false_with_missing_shebangs PASSED [ 75%]
tests/scripts/test_validate_manifest_artifacts.py::test_validation_result_get_summary_pass PASSED [ 76%]
tests/scripts/test_validate_manifest_artifacts.py::test_validation_result_get_summary_fail PASSED [ 76%]
tests/scripts/test_validate_manifest_artifacts.py::test_load_manifest_success PASSED [ 76%]
tests/scripts/test_validate_manifest_artifacts.py::test_load_manifest_missing_file PASSED [ 76%]
tests/scripts/test_validate_manifest_artifacts.py::test_load_manifest_invalid_yaml PASSED [ 77%]
tests/scripts/test_validate_manifest_artifacts.py::test_load_manifest_invalid_schema PASSED [ 77%]
tests/scripts/test_validate_manifest_artifacts.py::test_load_manifest_invalid_version PASSED [ 77%]
tests/scripts/test_validate_manifest_artifacts.py::test_load_manifest_version_with_non_numeric_parts PASSED [ 77%]
tests/scripts/test_validate_manifest_artifacts.py::test_get_disk_files_all_present PASSED [ 77%]
tests/scripts/test_validate_manifest_artifacts.py::test_get_disk_files_empty_package PASSED [ 78%]
tests/scripts/test_validate_manifest_artifacts.py::test_get_disk_files_partial_dirs PASSED [ 78%]
tests/scripts/test_validate_manifest_artifacts.py::test_get_disk_files_nested_structure PASSED [ 78%]
tests/scripts/test_validate_manifest_artifacts.py::test_get_disk_files_ignores_directories PASSED [ 78%]
tests/scripts/test_validate_manifest_artifacts.py::test_validate_script_file_valid PASSED [ 78%]
tests/scripts/test_validate_manifest_artifacts.py::test_validate_script_file_wrong_extension PASSED [ 79%]
tests/scripts/test_validate_manifest_artifacts.py::test_validate_script_file_missing_shebang PASSED [ 79%]
tests/scripts/test_validate_manifest_artifacts.py::test_validate_script_file_wrong_shebang PASSED [ 79%]
tests/scripts/test_validate_manifest_artifacts.py::test_validate_script_file_missing PASSED [ 79%]
tests/scripts/test_validate_manifest_artifacts.py::test_validate_manifest_artifacts_all_valid PASSED [ 79%]
tests/scripts/test_validate_manifest_artifacts.py::test_validate_manifest_artifacts_missing_files PASSED [ 80%]
tests/scripts/test_validate_manifest_artifacts.py::test_validate_manifest_artifacts_orphaned_files PASSED [ 80%]
tests/scripts/test_validate_manifest_artifacts.py::test_validate_manifest_artifacts_invalid_script_extension PASSED [ 80%]
tests/scripts/test_validate_manifest_artifacts.py::test_validate_manifest_artifacts_missing_shebang PASSED [ 80%]
tests/scripts/test_validate_manifest_artifacts.py::test_validate_manifest_artifacts_no_manifest PASSED [ 80%]
tests/scripts/test_validate_manifest_artifacts.py::test_validate_manifest_artifacts_verbose_mode PASSED [ 81%]
tests/scripts/test_validate_manifest_artifacts.py::test_validate_manifest_artifacts_multiple_issues PASSED [ 81%]
tests/scripts/test_validate_manifest_artifacts.py::test_cross_platform_path_handling_posix PASSED [ 81%]
tests/scripts/test_validate_manifest_artifacts.py::test_cross_platform_manifest_paths PASSED [ 81%]
tests/scripts/test_validate_manifest_artifacts.py::test_validate_empty_artifacts PASSED [ 81%]
tests/scripts/test_validate_manifest_artifacts.py::test_validate_hidden_files_ignored PASSED [ 82%]
tests/scripts/test_validate_manifest_artifacts.py::test_main_with_valid_package PASSED [ 82%]
tests/scripts/test_validate_manifest_artifacts.py::test_main_with_invalid_package PASSED [ 82%]
tests/scripts/test_validate_manifest_artifacts.py::test_main_with_specific_package PASSED [ 82%]
tests/scripts/test_validate_manifest_artifacts.py::test_main_with_nonexistent_packages_dir PASSED [ 82%]
tests/scripts/test_validate_manifest_artifacts.py::test_main_verbose_flag PASSED [ 83%]
tests/scripts/test_validate_marketplace_sync.py::test_sync_validation_result_is_valid_when_clean PASSED [ 83%]
tests/scripts/test_validate_marketplace_sync.py::test_sync_validation_result_is_valid_false_with_missing_marketplace PASSED [ 83%]
tests/scripts/test_validate_marketplace_sync.py::test_sync_validation_result_is_valid_false_with_missing_registry PASSED [ 83%]
tests/scripts/test_validate_marketplace_sync.py::test_sync_validation_result_is_valid_false_with_version_mismatches PASSED [ 83%]
tests/scripts/test_validate_marketplace_sync.py::test_sync_validation_result_get_summary_synchronized PASSED [ 84%]
tests/scripts/test_validate_marketplace_sync.py::test_sync_validation_result_get_summary_out_of_sync PASSED [ 84%]
tests/scripts/test_validate_marketplace_sync.py::test_load_json_success PASSED [ 84%]
tests/scripts/test_validate_marketplace_sync.py::test_load_json_missing_file PASSED [ 84%]
tests/scripts/test_validate_marketplace_sync.py::test_load_json_invalid_json PASSED [ 85%]
tests/scripts/test_validate_marketplace_sync.py::test_load_manifest_success PASSED [ 85%]
tests/scripts/test_validate_marketplace_sync.py::test_load_manifest_missing_file PASSED [ 85%]
tests/scripts/test_validate_marketplace_sync.py::test_load_manifest_invalid_yaml PASSED [ 85%]
tests/scripts/test_validate_marketplace_sync.py::test_get_package_dirs_multiple_packages PASSED [ 85%]
tests/scripts/test_validate_marketplace_sync.py::test_get_package_dirs_ignores_hidden PASSED [ 86%]
tests/scripts/test_validate_marketplace_sync.py::test_get_package_dirs_ignores_files PASSED [ 86%]
tests/scripts/test_validate_marketplace_sync.py::test_get_package_dirs_nonexistent_dir PASSED [ 86%]
tests/scripts/test_validate_marketplace_sync.py::test_find_in_list_found PASSED [ 86%]
tests/scripts/test_validate_marketplace_sync.py::test_find_in_list_not_found PASSED [ 86%]
tests/scripts/test_validate_marketplace_sync.py::test_find_in_list_empty_list PASSED [ 87%]
tests/scripts/test_validate_marketplace_sync.py::test_validate_marketplace_sync_all_synchronized PASSED [ 87%]
tests/scripts/test_validate_marketplace_sync.py::test_validate_marketplace_sync_missing_in_marketplace PASSED [ 87%]
tests/scripts/test_validate_marketplace_sync.py::test_validate_marketplace_sync_missing_in_registry PASSED [ 87%]
tests/scripts/test_validate_marketplace_sync.py::test_validate_marketplace_sync_version_mismatch_marketplace PASSED [ 87%]
tests/scripts/test_validate_marketplace_sync.py::test_validate_marketplace_sync_version_mismatch_registry PASSED [ 88%]
tests/scripts/test_validate_marketplace_sync.py::test_validate_marketplace_sync_version_mismatch_both PASSED [ 88%]
tests/scripts/test_validate_marketplace_sync.py::test_validate_marketplace_sync_missing_marketplace_file PASSED [ 88%]
tests/scripts/test_validate_marketplace_sync.py::test_validate_marketplace_sync_missing_registry_file PASSED [ 88%]
tests/scripts/test_validate_marketplace_sync.py::test_validate_marketplace_sync_verbose_mode PASSED [ 88%]
tests/scripts/test_validate_marketplace_sync.py::test_validate_marketplace_sync_multiple_packages PASSED [ 89%]
tests/scripts/test_validate_marketplace_sync.py::test_fix_sync_issues_no_fixes_needed PASSED [ 89%]
tests/scripts/test_validate_marketplace_sync.py::test_fix_sync_issues_fixes_marketplace_version PASSED [ 89%]
tests/scripts/test_validate_marketplace_sync.py::test_fix_sync_issues_fixes_registry_version PASSED [ 89%]
tests/scripts/test_validate_marketplace_sync.py::test_fix_sync_issues_verbose_mode PASSED [ 89%]
tests/scripts/test_validate_marketplace_sync.py::test_main_validate_synchronized PASSED [ 90%]
tests/scripts/test_validate_marketplace_sync.py::test_main_validate_out_of_sync PASSED [ 90%]
tests/scripts/test_validate_marketplace_sync.py::test_main_fix_mode PASSED [ 90%]
tests/scripts/test_validate_marketplace_sync.py::test_main_verbose_mode PASSED [ 90%]
tests/scripts/test_validate_marketplace_sync.py::test_main_fix_with_verbose PASSED [ 90%]
tests/scripts/test_validate_marketplace_sync.py::test_main_error_handling PASSED [ 91%]
tests/scripts/test_validate_marketplace_sync.py::test_sync_result_with_missing_in_registry_summary PASSED [ 91%]
tests/scripts/test_validate_marketplace_sync.py::test_validate_with_package_missing_version PASSED [ 91%]
tests/scripts/test_validate_marketplace_sync.py::test_validate_with_orphaned_plugins PASSED [ 91%]
tests/scripts/test_validate_marketplace_sync.py::test_validate_with_orphaned_registry_packages PASSED [ 91%]
tests/scripts/test_validate_marketplace_sync.py::test_fix_with_no_matching_package_in_plugins PASSED [ 92%]
tests/scripts/test_validate_script_references.py::test_extract_frontmatter_valid PASSED [ 92%]
tests/scripts/test_validate_script_references.py::test_extract_frontmatter_no_frontmatter PASSED [ 92%]
tests/scripts/test_validate_script_references.py::test_extract_frontmatter_missing_file PASSED [ 92%]
tests/scripts/test_validate_script_references.py::test_extract_frontmatter_invalid_yaml PASSED [ 93%]
tests/scripts/test_validate_script_references.py::test_extract_script_references_from_hooks_valid PASSED [ 93%]
tests/scripts/test_validate_script_references.py::test_extract_script_references_from_hooks_no_hooks PASSED [ 93%]
tests/scripts/test_validate_script_references.py::test_extract_script_references_from_hooks_multiple PASSED [ 93%]
tests/scripts/test_validate_script_references.py::test_extract_script_references_from_hooks_invalid_structure PASSED [ 93%]
tests/scripts/test_validate_script_references.py::test_extract_script_references_from_manifest_valid PASSED [ 94%]
tests/scripts/test_validate_script_references.py::test_extract_script_references_from_manifest_no_scripts PASSED [ 94%]
tests/scripts/test_validate_script_references.py::test_extract_script_references_from_manifest_missing_file PASSED [ 94%]
tests/scripts/test_validate_script_references.py::test_extract_script_references_from_manifest_invalid_yaml PASSED [ 94%]
tests/scripts/test_validate_script_references.py::test_validate_script_exists_valid PASSED [ 94%]
tests/scripts/test_validate_script_references.py::test_validate_script_exists_missing PASSED [ 95%]
tests/scripts/test_validate_script_references.py::test_validate_script_exists_is_directory PASSED [ 95%]
tests/scripts/test_validate_script_references.py::test_validate_script_is_python_valid PASSED [ 95%]
tests/scripts/test_validate_script_references.py::test_validate_script_is_python_invalid PASSED [ 95%]
tests/scripts/test_validate_script_references.py::test_validate_shebang_valid PASSED [ 95%]
tests/scripts/test_validate_script_references.py::test_validate_shebang_missing PASSED [ 96%]
tests/scripts/test_validate_script_references.py::test_validate_shebang_non_python PASSED [ 96%]
tests/scripts/test_validate_script_references.py::test_validate_script_in_package_dir_valid PASSED [ 96%]
tests/scripts/test_validate_script_references.py::test_validate_script_in_package_dir_outside PASSED [ 96%]
tests/scripts/test_validate_script_references.py::test_validate_script_reference_valid PASSED [ 96%]
tests/scripts/test_validate_script_references.py::test_validate_script_reference_missing PASSED [ 97%]
tests/scripts/test_validate_script_references.py::test_validate_script_reference_not_python PASSED [ 97%]
tests/scripts/test_validate_script_references.py::test_validate_package_scripts_valid PASSED [ 97%]
tests/scripts/test_validate_script_references.py::test_validate_package_scripts_with_hooks PASSED [ 97%]
tests/scripts/test_validate_script_references.py::test_validate_package_scripts_missing_script PASSED [ 97%]
tests/scripts/test_validate_script_references.py::test_validate_package_scripts_no_references PASSED [ 98%]
tests/scripts/test_validate_script_references.py::test_find_packages_empty PASSED [ 98%]
tests/scripts/test_validate_script_references.py::test_find_packages_multiple PASSED [ 98%]
tests/scripts/test_validate_script_references.py::test_find_packages_specific PASSED [ 98%]
tests/scripts/test_validate_script_references.py::test_validate_all_packages_success PASSED [ 98%]
tests/scripts/test_validate_script_references.py::test_validate_all_packages_with_errors PASSED [ 99%]
tests/scripts/test_validate_script_references.py::test_validate_all_packages_specific_path PASSED [ 99%]
tests/scripts/test_validate_script_references.py::test_validate_all_packages_nonexistent_path PASSED [ 99%]
tests/scripts/test_validate_script_references.py::test_cross_platform_paths PASSED [ 99%]
tests/scripts/test_validate_script_references.py::test_script_reference_error_str PASSED [100%]

============================= 487 passed in 0.83s ==============================
Exit: 0
